MISSING STORY for story->tango index: 61
MISSING STORY for story->tango index: 442
MISSING STORY for story->tango index: 655
MISSING STORY for story->tango index: 497
MISSING STORY for story->tango index: 856
MISSING STORY for story->tango index: 849
MISSING STORY for story->tango index: 660
MISSING STORY for story->tango index: 449
MISSING STORY for story->tango index: 724
MISSING STORY for story->tango index: 473
MISSING STORY for story->tango index: 771
MISSING STORY for story->tango index: 668
MISSING STORY for story->tango index: 601
MISSING STORY for story->tango index: 867
MISSING STORY for story->tango index: 785
MISSING STORY for story->tango index: 548
MISSING STORY for story->tango index: 559
MISSING STORY for story->tango index: 465
MISSING STORY for story->tango index: 504
MISSING STORY for story->tango index: 793
MISSING STORY for story->tango index: 868
MISSING STORY for story->tango index: 653
MISSING STORY for story->tango index: 690
MISSING STORY for story->tango index: 460
MISSING STORY for story->tango index: 438
MISSING STORY for story->tango index: 517
MISSING STORY for story->tango index: 450
MISSING STORY for story->tango index: 677
MISSING STORY for story->tango index: 872
MISSING STORY for story->tango index: 439
MISSING STORY for story->tango index: 529
MISSING STORY for story->tango index: 779
MISSING STORY for story->tango index: 475
MISSING STORY for story->tango index: 870
MISSING STORY for story->tango index: 560
MISSING STORY for story->tango index: 585
MISSING STORY for story->tango index: 575
MISSING STORY for story->tango index: 669
MISSING STORY for story->tango index: 797
MISSING STORY for story->tango index: 699
MISSING STORY for story->tango index: 501
MISSING STORY for story->tango index: 562
MISSING STORY for story->tango index: 815
MISSING STORY for story->tango index: 634
MISSING STORY for story->tango index: 636
MISSING STORY for story->tango index: 484
MISSING STORY for story->tango index: 795
MISSING STORY for story->tango index: 876
MISSING STORY for story->tango index: 479
MISSING STORY for story->tango index: 749
MISSING STORY for story->tango index: 502
MISSING STORY for story->tango index: 613
MISSING STORY for story->tango index: 440
MISSING STORY for story->tango index: 569
MISSING STORY for story->tango index: 835
MISSING STORY for story->tango index: 452
MISSING STORY for story->tango index: 880
MISSING STORY for story->tango index: 834
MISSING STORY for story->tango index: 564
MISSING STORY for story->tango index: 496
MISSING STORY for story->tango index: 505
MISSING STORY for story->tango index: 477
MISSING STORY for story->tango index: 721
MISSING STORY for story->tango index: 881
MISSING STORY for story->tango index: 527
MISSING STORY for story->tango index: 818
MISSING STORY for story->tango index: 740
MISSING STORY for story->tango index: 451
MISSING STORY for story->tango index: 576
MISSING STORY for story->tango index: 446
MISSING STORY for story->tango index: 472
MISSING STORY for story->tango index: 741
MISSING STORY for story->tango index: 486
MISSING STORY for story->tango index: 506
MISSING STORY for story->tango index: 507
MISSING STORY for story->tango index: 641
MISSING STORY for story->tango index: 848
MISSING STORY for story->tango index: 27
MISSING STORY for story->tango index: 492
MISSING STORY for story->tango index: 649
MISSING STORY for story->tango index: 523
MISSING STORY for story->tango index: 884
MISSING STORY for story->tango index: 837
MISSING STORY for story->tango index: 610
MISSING STORY for story->tango index: 807
MISSING STORY for story->tango index: 512
MISSING STORY for story->tango index: 578
MISSING STORY for story->tango index: 772
MISSING STORY for story->tango index: 650
MISSING STORY for story->tango index: 586
MISSING STORY for story->tango index: 552
MISSING STORY for story->tango index: 701
MISSING STORY for story->tango index: 886
MISSING STORY for story->tango index: 628
MISSING STORY for story->tango index: 657
MISSING STORY for story->tango index: 693
MISSING STORY for story->tango index: 852
MISSING STORY for story->tango index: 549
MISSING STORY for story->tango index: 619
MISSING STORY for story->tango index: 705
MISSING STORY for story->tango index: 709
MISSING STORY for story->tango index: 437
MISSING STORY for story->tango index: 808
MISSING STORY for story->tango index: 531
MISSING STORY for story->tango index: 503
MISSING STORY for story->tango index: 752
MISSING STORY for story->tango index: 633
MISSING STORY for story->tango index: 769
MISSING STORY for story->tango index: 813
MISSING STORY for story->tango index: 712
MISSING STORY for story->tango index: 550
MISSING STORY for story->tango index: 802
MISSING STORY for story->tango index: 659
MISSING STORY for story->tango index: 831
MISSING STORY for story->tango index: 888
MISSING STORY for story->tango index: 678
MISSING STORY for story->tango index: 681
MISSING STORY for story->tango index: 478
MISSING STORY for story->tango index: 645
MISSING STORY for story->tango index: 604
MISSING STORY for story->tango index: 891
MISSING STORY for story->tango index: 661
MISSING STORY for story->tango index: 706
MISSING STORY for story->tango index: 519
MISSING STORY for story->tango index: 892
MISSING STORY for story->tango index: 499
MISSING STORY for story->tango index: 694
MISSING STORY for story->tango index: 644
MISSING STORY for story->tango index: 591
MISSING STORY for story->tango index: 588
MISSING STORY for story->tango index: 528
MISSING STORY for story->tango index: 590
MISSING STORY for story->tango index: 774
MISSING STORY for story->tango index: 820
MISSING STORY for story->tango index: 695
MISSING STORY for story->tango index: 454
MISSING STORY for story->tango index: 861
MISSING STORY for story->tango index: 583
MISSING STORY for story->tango index: 811
MISSING STORY for story->tango index: 822
MISSING STORY for story->tango index: 789
MISSING STORY for story->tango index: 624
MISSING STORY for story->tango index: 453
MISSING STORY for story->tango index: 579
MISSING STORY for story->tango index: 522
MISSING STORY for story->tango index: 794
MISSING STORY for story->tango index: 463
MISSING STORY for story->tango index: 464
MISSING STORY for story->tango index: 864
MISSING STORY for story->tango index: 561
MISSING STORY for story->tango index: 714
MISSING STORY for story->tango index: 758
MISSING STORY for story->tango index: 823
MISSING STORY for story->tango index: 457
MISSING STORY for story->tango index: 759
MISSING STORY for story->tango index: 663
MISSING STORY for story->tango index: 776
MISSING STORY for story->tango index: 843
MISSING STORY for story->tango index: 608
MISSING STORY for story->tango index: 525
MISSING STORY for story->tango index: 824
MISSING STORY for story->tango index: 760
MISSING STORY for story->tango index: 494
MISSING STORY for story->tango index: 717
MISSING STORY for story->tango index: 825
MISSING STORY for story->tango index: 518
MISSING STORY for story->tango index: 734
MISSING STORY for story->tango index: 781
MISSING STORY for story->tango index: 488
MISSING STORY for story->tango index: 704
MISSING STORY for story->tango index: 718
MISSING STORY for story->tango index: 609
MISSING STORY for story->tango index: 767
MISSING STORY for story->tango index: 753
MISSING STORY for story->tango index: 688
MISSING STORY for story->tango index: 784
MISSING STORY for story->tango index: 513
MISSING STORY for story->tango index: 566
MISSING STORY for story->tango index: 540
MISSING STORY for story->tango index: 535
MISSING STORY for story->tango index: 635
MISSING STORY for story->tango index: 847
MISSING STORY for story->tango index: 675
MISSING STORY for story->tango index: 607
MISSING STORY for story->tango index: 839
MISSING STORY for story->tango index: 735
MISSING STORY for story->tango index: 866
MISSING STORY for story->tango index: 551
MISSING STORY for story->tango index: 826
MISSING STORY for story->tango index: 745
MISSING STORY for story->tango index: 555
MISSING STORY for story->tango index: 777
MISSING STORY for story->tango index: 646
MISSING STORY for story->tango index: 632
MISSING STORY for story->tango index: 662
MISSING STORY for story->tango index: 809
MISSING STORY for story->tango index: 436
MISSING STORY for story->tango index: 743
MISSING STORY for story->tango index: 747
MISSING STORY for story->tango index: 869
MISSING STORY for story->tango index: 536
MISSING STORY for story->tango index: 556
MISSING STORY for story->tango index: 838
MISSING STORY for story->tango index: 804
MISSING STORY for story->tango index: 736
MISSING STORY for story->tango index: 828
MISSING STORY for story->tango index: 508
MISSING STORY for story->tango index: 739
MISSING STORY for story->tango index: 778
MISSING STORY for story->tango index: 846
MISSING STORY for story->tango index: 526
MISSING STORY for story->tango index: 672
MISSING STORY for story->tango index: 567
MISSING STORY for story->tango index: 621
MISSING STORY for story->tango index: 711
MISSING STORY for story->tango index: 524
MISSING STORY for story->tango index: 858
MISSING STORY for story->tango index: 616
MISSING STORY for story->tango index: 638
MISSING STORY for story->tango index: 845
MISSING STORY for story->tango index: 481
MISSING STORY for story->tango index: 474
MISSING STORY for story->tango index: 692
MISSING STORY for story->tango index: 698
MISSING STORY for story->tango index: 615
MISSING STORY for story->tango index: 574
MISSING STORY for story->tango index: 509
MISSING STORY for story->tango index: 841
MISSING STORY for story->tango index: 844
MISSING STORY for story->tango index: 770
MISSING STORY for story->tango index: 871
MISSING STORY for story->tango index: 707
MISSING STORY for story->tango index: 708
MISSING STORY for story->tango index: 832
MISSING STORY for story->tango index: 627
MISSING STORY for story->tango index: 605
MISSING STORY for story->tango index: 625
MISSING STORY for story->tango index: 814
MISSING STORY for story->tango index: 665
MISSING STORY for story->tango index: 648
MISSING STORY for story->tango index: 723
MISSING STORY for story->tango index: 685
MISSING STORY for story->tango index: 799
MISSING STORY for story->tango index: 629
MISSING STORY for story->tango index: 530
MISSING STORY for story->tango index: 751
MISSING STORY for story->tango index: 539
MISSING STORY for story->tango index: 466
MISSING STORY for story->tango index: 558
MISSING STORY for story->tango index: 803
MISSING STORY for story->tango index: 459
MISSING STORY for story->tango index: 829
MISSING STORY for story->tango index: 476
MISSING STORY for story->tango index: 874
MISSING STORY for story->tango index: 637
MISSING STORY for story->tango index: 545
MISSING STORY for story->tango index: 801
MISSING STORY for story->tango index: 687
MISSING STORY for story->tango index: 462
MISSING STORY for story->tango index: 676
MISSING STORY for story->tango index: 713
MISSING STORY for story->tango index: 630
MISSING STORY for story->tango index: 756
MISSING STORY for story->tango index: 441
MISSING STORY for story->tango index: 620
MISSING STORY for story->tango index: 788
MISSING STORY for story->tango index: 654
MISSING STORY for story->tango index: 554
MISSING STORY for story->tango index: 511
MISSING STORY for story->tango index: 862
MISSING STORY for story->tango index: 623
MISSING STORY for story->tango index: 639
MISSING STORY for story->tango index: 790
MISSING STORY for story->tango index: 514
MISSING STORY for story->tango index: 647
MISSING STORY for story->tango index: 468
MISSING STORY for story->tango index: 732
MISSING STORY for story->tango index: 470
MISSING STORY for story->tango index: 719
MISSING STORY for story->tango index: 593
MISSING STORY for story->tango index: 733
MISSING STORY for story->tango index: 725
MISSING STORY for story->tango index: 710
MISSING STORY for story->tango index: 683
MISSING STORY for story->tango index: 568
MISSING STORY for story->tango index: 830
MISSING STORY for story->tango index: 640
MISSING STORY for story->tango index: 565
MISSING STORY for story->tango index: 877
MISSING STORY for story->tango index: 467
MISSING STORY for story->tango index: 533
MISSING STORY for story->tango index: 469
MISSING STORY for story->tango index: 729
MISSING STORY for story->tango index: 791
MISSING STORY for story->tango index: 573
MISSING STORY for story->tango index: 670
MISSING STORY for story->tango index: 697
MISSING STORY for story->tango index: 666
MISSING STORY for story->tango index: 515
MISSING STORY for story->tango index: 798
MISSING STORY for story->tango index: 853
MISSING STORY for story->tango index: 480
MISSING STORY for story->tango index: 855
MISSING STORY for story->tango index: 612
MISSING STORY for story->tango index: 750
MISSING STORY for story->tango index: 879
MISSING STORY for story->tango index: 744
MISSING STORY for story->tango index: 850
MISSING STORY for story->tango index: 557
MISSING STORY for story->tango index: 444
MISSING STORY for story->tango index: 780
MISSING STORY for story->tango index: 851
MISSING STORY for story->tango index: 748
MISSING STORY for story->tango index: 882
MISSING STORY for story->tango index: 577
MISSING STORY for story->tango index: 883
MISSING STORY for story->tango index: 500
MISSING STORY for story->tango index: 842
MISSING STORY for story->tango index: 597
MISSING STORY for story->tango index: 537
MISSING STORY for story->tango index: 435
MISSING STORY for story->tango index: 482
MISSING STORY for story->tango index: 611
MISSING STORY for story->tango index: 674
MISSING STORY for story->tango index: 553
MISSING STORY for story->tango index: 455
MISSING STORY for story->tango index: 580
MISSING STORY for story->tango index: 887
MISSING STORY for story->tango index: 456
MISSING STORY for story->tango index: 642
MISSING STORY for story->tango index: 889
MISSING STORY for story->tango index: 817
MISSING STORY for story->tango index: 796
MISSING STORY for story->tango index: 587
MISSING STORY for story->tango index: 643
MISSING STORY for story->tango index: 890
MISSING STORY for story->tango index: 702
MISSING STORY for story->tango index: 742
MISSING STORY for story->tango index: 516
MISSING STORY for story->tango index: 495
MISSING STORY for story->tango index: 443
MISSING STORY for story->tango index: 783
MISSING STORY for story->tango index: 720
MISSING STORY for story->tango index: 510
MISSING STORY for story->tango index: 584
MISSING STORY for story->tango index: 447
MISSING STORY for story->tango index: 520
MISSING STORY for story->tango index: 821
MISSING STORY for story->tango index: 757
MISSING STORY for story->tango index: 716
MISSING STORY for story->tango index: 617
MISSING STORY for story->tango index: 806
MISSING STORY for story->tango index: 689
MISSING STORY for story->tango index: 541
MISSING STORY for story->tango index: 854
MISSING STORY for story->tango index: 534
MISSING STORY for story->tango index: 563
MISSING STORY for story->tango index: 544
MISSING STORY for story->tango index: 686
MISSING STORY for story->tango index: 498
MISSING STORY for story->tango index: 727
MISSING STORY for story->tango index: 728
MISSING STORY for story->tango index: 485
MISSING STORY for story->tango index: 878
MISSING STORY for story->tango index: 766
MISSING STORY for story->tango index: 812
MISSING STORY for story->tango index: 489
MISSING STORY for story->tango index: 651
MISSING STORY for story->tango index: 543
MISSING STORY for story->tango index: 863
MISSING STORY for story->tango index: 671
MISSING STORY for story->tango index: 786
MISSING STORY for story->tango index: 860
MISSING STORY for story->tango index: 722
MISSING STORY for story->tango index: 755
MISSING STORY for story->tango index: 667
MISSING STORY for story->tango index: 680
MISSING STORY for story->tango index: 775
MISSING STORY for story->tango index: 726
MISSING STORY for story->tango index: 571
MISSING STORY for story->tango index: 572
MISSING STORY for story->tango index: 483
MISSING STORY for story->tango index: 521
MISSING STORY for story->tango index: 773
MISSING STORY for story->tango index: 592
MISSING STORY for story->tango index: 730
MISSING STORY for story->tango index: 598
MISSING STORY for story->tango index: 208
MISSING STORY for story->tango index: 600
MISSING STORY for story->tango index: 731
MISSING STORY for story->tango index: 827
MISSING STORY for story->tango index: 763
MISSING STORY for story->tango index: 570
MISSING STORY for story->tango index: 684
MISSING STORY for story->tango index: 875
MISSING STORY for story->tango index: 682
MISSING STORY for story->tango index: 603
MISSING STORY for story->tango index: 594
MISSING STORY for story->tango index: 652
MISSING STORY for story->tango index: 542
MISSING STORY for story->tango index: 618
MISSING STORY for story->tango index: 737
MISSING STORY for story->tango index: 703
MISSING STORY for story->tango index: 764
MISSING STORY for story->tango index: 865
MISSING STORY for story->tango index: 715
MISSING STORY for story->tango index: 768
MISSING STORY for story->tango index: 810
MISSING STORY for story->tango index: 458
MISSING STORY for story->tango index: 840
MISSING STORY for story->tango index: 782
MISSING STORY for story->tango index: 532
MISSING STORY for story->tango index: 626
MISSING STORY for story->tango index: 754
MISSING STORY for story->tango index: 471
MISSING STORY for story->tango index: 761
MISSING STORY for story->tango index: 738
MISSING STORY for story->tango index: 614
MISSING STORY for story->tango index: 546
MISSING STORY for story->tango index: 691
MISSING STORY for story->tango index: 656
MISSING STORY for story->tango index: 765
MISSING STORY for story->tango index: 589
MISSING STORY for story->tango index: 787
MISSING STORY for story->tango index: 491
MISSING STORY for story->tango index: 602
MISSING STORY for story->tango index: 631
MISSING STORY for story->tango index: 664
MISSING STORY for story->tango index: 538
MISSING STORY for story->tango index: 622
MISSING STORY for story->tango index: 595
MISSING STORY for story->tango index: 448
MISSING STORY for story->tango index: 606
MISSING STORY for story->tango index: 547
MISSING STORY for story->tango index: 816
MISSING STORY for story->tango index: 490
MISSING STORY for story->tango index: 679
MISSING STORY for story->tango index: 199
MISSING STORY for story->tango index: 7
MISSING STORY for story->tango index: 14
MISSING STORY for story->tango index: 18
MISSING STORY for story->tango index: 22
MISSING STORY for story->tango index: 24
MISSING STORY for story->tango index: 26
MISSING STORY for story->tango index: 52
MISSING STORY for story->tango index: 67
MISSING STORY for story->tango index: 70
MISSING STORY for story->tango index: 76
MISSING STORY for story->tango index: 77
MISSING STORY for story->tango index: 81
MISSING STORY for story->tango index: 109
MISSING STORY for story->tango index: 324
MISSING STORY for story->tango index: 329
MISSING STORY for story->tango index: 330
MISSING STORY for story->tango index: 331
MISSING STORY for story->tango index: 334
MISSING STORY for story->tango index: 335
MISSING STORY for story->tango index: 352
MISSING STORY for story->tango index: 367
MISSING STORY for story->tango index: 151
MISSING STORY for story->tango index: 155
MISSING STORY for story->tango index: 186
MISSING STORY for story->tango index: 207
MISSING STORY for story->tango index: 214
MISSING STORY for story->tango index: 215
MISSING STORY for story->tango index: 216
MISSING STORY for story->tango index: 217
MISSING STORY for story->tango index: 268
MISSING STORY for story->tango index: 269
MISSING STORY for story->tango index: 270
MISSING STORY for story->tango index: 274
MISSING STORY for story->tango index: 373
MISSING STORY for story->tango index: 374
MISSING STORY for story->tango index: 376
MISSING STORY for story->tango index: 384
MISSING STORY for story->tango index: 397
MISSING STORY for story->tango index: 411
MISSING STORY for story->tango index: 421
MISSING STORY for story->tango index: 433
MISSING STORY for story->tango index: 372
MISSING STORY for story->tango index: 9
MISSING STORY for story->tango index: 168
MISSING STORY for story->tango index: 262
MISSING STORY for story->tango index: 192
MISSING STORY for story->tango index: 282
MISSING STORY for story->tango index: 264
MISSING STORY for story->tango index: 306
MISSING STORY for story->tango index: 47
MISSING STORY for story->tango index: 184
MISSING STORY for story->tango index: 116
MISSING STORY for story->tango index: 211
MISSING STORY for story->tango index: 153
MISSING STORY for story->tango index: 149
MISSING STORY for story->tango index: 174
MISSING STORY for story->tango index: 178
MISSING STORY for story->tango index: 142
MISSING STORY for story->tango index: 148
MISSING STORY for story->tango index: 159
MISSING STORY for story->tango index: 133
MISSING STORY for story->tango index: 291
MISSING STORY for story->tango index: 152
MISSING STORY for story->tango index: 327
MISSING STORY for story->tango index: 124
MISSING STORY for story->tango index: 60
MISSING STORY for story->tango index: 356
MISSING STORY for story->tango index: 49
MISSING STORY for story->tango index: 45
MISSING STORY for story->tango index: 41
MISSING STORY for story->tango index: 287
MISSING STORY for story->tango index: 349
MISSING STORY for story->tango index: 122
MISSING STORY for story->tango index: 347
MISSING STORY for story->tango index: 125
MISSING STORY for story->tango index: 75
MISSING STORY for story->tango index: 103
MISSING STORY for story->tango index: 375
MISSING STORY for story->tango index: 40
MISSING STORY for story->tango index: 179
MISSING STORY for story->tango index: 31
MISSING STORY for story->tango index: 160
MISSING STORY for story->tango index: 225
MISSING STORY for story->tango index: 16
MISSING STORY for story->tango index: 36
MISSING STORY for story->tango index: 173
MISSING STORY for story->tango index: 210
MISSING STORY for story->tango index: 209
MISSING STORY for story->tango index: 328
MISSING STORY for story->tango index: 379
MISSING STORY for story->tango index: 204
MISSING STORY for story->tango index: 13
MISSING STORY for story->tango index: 260
MISSING STORY for story->tango index: 425
MISSING STORY for story->tango index: 127
MISSING STORY for story->tango index: 164
MISSING STORY for story->tango index: 246
MISSING STORY for story->tango index: 163
MISSING STORY for story->tango index: 391
MISSING STORY for story->tango index: 315
MISSING STORY for story->tango index: 63
MISSING STORY for story->tango index: 230
MISSING STORY for story->tango index: 161
MISSING STORY for story->tango index: 147
MISSING STORY for story->tango index: 406
MISSING STORY for story->tango index: 267
MISSING STORY for story->tango index: 281
MISSING STORY for story->tango index: 228
MISSING STORY for story->tango index: 170
MISSING STORY for story->tango index: 340
MISSING STORY for story->tango index: 378
MISSING STORY for story->tango index: 48
MISSING STORY for story->tango index: 54
MISSING STORY for story->tango index: 56
MISSING STORY for story->tango index: 140
MISSING STORY for story->tango index: 43
MISSING STORY for story->tango index: 65
MISSING STORY for story->tango index: 187
MISSING STORY for story->tango index: 66
MISSING STORY for story->tango index: 8
MISSING STORY for story->tango index: 257
MISSING STORY for story->tango index: 195
MISSING STORY for story->tango index: 62
MISSING STORY for story->tango index: 355
MISSING STORY for story->tango index: 416
MISSING STORY for story->tango index: 348
MISSING STORY for story->tango index: 395
MISSING STORY for story->tango index: 229
MISSING STORY for story->tango index: 227
MISSING STORY for story->tango index: 234
MISSING STORY for story->tango index: 272
MISSING STORY for story->tango index: 284
MISSING STORY for story->tango index: 358
MISSING STORY for story->tango index: 276
MISSING STORY for story->tango index: 3
MISSING STORY for story->tango index: 360
MISSING STORY for story->tango index: 99
MISSING STORY for story->tango index: 431
MISSING STORY for story->tango index: 111
MISSING STORY for story->tango index: 83
MISSING STORY for story->tango index: 98
MISSING STORY for story->tango index: 129
MISSING STORY for story->tango index: 390
MISSING STORY for story->tango index: 300
MISSING STORY for story->tango index: 110
MISSING STORY for story->tango index: 265
MISSING STORY for story->tango index: 236
MISSING STORY for story->tango index: 381
MISSING STORY for story->tango index: 351
MISSING STORY for story->tango index: 35
MISSING STORY for story->tango index: 365
MISSING STORY for story->tango index: 100
MISSING STORY for story->tango index: 132
MISSING STORY for story->tango index: 194
MISSING STORY for story->tango index: 313
MISSING STORY for story->tango index: 237
MISSING STORY for story->tango index: 23
MISSING STORY for story->tango index: 86
MISSING STORY for story->tango index: 377
MISSING STORY for story->tango index: 259
MISSING STORY for story->tango index: 94
MISSING STORY for story->tango index: 12
MISSING STORY for story->tango index: 37
MISSING STORY for story->tango index: 92
MISSING STORY for story->tango index: 130
MISSING STORY for story->tango index: 196
MISSING STORY for story->tango index: 105
MISSING STORY for story->tango index: 289
MISSING STORY for story->tango index: 410
MISSING STORY for story->tango index: 29
MISSING STORY for story->tango index: 430
MISSING STORY for story->tango index: 380
MISSING STORY for story->tango index: 275
MISSING STORY for story->tango index: 39
MISSING STORY for story->tango index: 247
MISSING STORY for story->tango index: 387
MISSING STORY for story->tango index: 393
MISSING STORY for story->tango index: 88
MISSING STORY for story->tango index: 46
MISSING STORY for story->tango index: 382
MISSING STORY for story->tango index: 53
MISSING STORY for story->tango index: 205
MISSING STORY for story->tango index: 219
MISSING STORY for story->tango index: 224
MISSING STORY for story->tango index: 213
MISSING STORY for story->tango index: 33
MISSING STORY for story->tango index: 238
MISSING STORY for story->tango index: 220
MISSING STORY for story->tango index: 182
MISSING STORY for story->tango index: 388
MISSING STORY for story->tango index: 296
MISSING STORY for story->tango index: 175
MISSING STORY for story->tango index: 189
MISSING STORY for story->tango index: 292
MISSING STORY for story->tango index: 158
MISSING STORY for story->tango index: 145
MISSING STORY for story->tango index: 176
MISSING STORY for story->tango index: 413
MISSING STORY for story->tango index: 146
MISSING STORY for story->tango index: 193
MISSING STORY for story->tango index: 44
MISSING STORY for story->tango index: 339
MISSING STORY for story->tango index: 277
MISSING STORY for story->tango index: 157
MISSING STORY for story->tango index: 427
MISSING STORY for story->tango index: 197
MISSING STORY for story->tango index: 165
MISSING STORY for story->tango index: 191
MISSING STORY for story->tango index: 223
MISSING STORY for story->tango index: 198
MISSING STORY for story->tango index: 389
MISSING STORY for story->tango index: 392
MISSING STORY for story->tango index: 202
MISSING STORY for story->tango index: 64
MISSING STORY for story->tango index: 414
MISSING STORY for story->tango index: 201
MISSING STORY for story->tango index: 248
MISSING STORY for story->tango index: 412
MISSING STORY for story->tango index: 400
MISSING STORY for story->tango index: 57
MISSING STORY for story->tango index: 386
MISSING STORY for story->tango index: 1
MISSING STORY for story->tango index: 58
MISSING STORY for story->tango index: 38
MISSING STORY for story->tango index: 166
MISSING STORY for story->tango index: 407
MISSING STORY for story->tango index: 408
MISSING STORY for story->tango index: 17
MISSING STORY for story->tango index: 55
MISSING STORY for story->tango index: 167
MISSING STORY for story->tango index: 59
MISSING STORY for story->tango index: 261
MISSING STORY for story->tango index: 294
MISSING STORY for story->tango index: 417
MISSING STORY for story->tango index: 383
MISSING STORY for story->tango index: 188
MISSING STORY for story->tango index: 200
MISSING STORY for story->tango index: 418
MISSING STORY for story->tango index: 180
MISSING STORY for story->tango index: 206
MISSING STORY for story->tango index: 21
MISSING STORY for story->tango index: 34
MISSING STORY for story->tango index: 290
MISSING STORY for story->tango index: 385
MISSING STORY for story->tango index: 156
MISSING STORY for story->tango index: 89
MISSING STORY for story->tango index: 20
MISSING STORY for story->tango index: 93
MISSING STORY for story->tango index: 286
MISSING STORY for story->tango index: 114
MISSING STORY for story->tango index: 177
MISSING STORY for story->tango index: 394
MISSING STORY for story->tango index: 120
MISSING STORY for story->tango index: 226
MISSING STORY for story->tango index: 102
MISSING STORY for story->tango index: 235
MISSING STORY for story->tango index: 10
MISSING STORY for story->tango index: 2
MISSING STORY for story->tango index: 11
MISSING STORY for story->tango index: 19
MISSING STORY for story->tango index: 28
MISSING STORY for story->tango index: 30
MISSING STORY for story->tango index: 68
MISSING STORY for story->tango index: 74
MISSING STORY for story->tango index: 79
MISSING STORY for story->tango index: 80
MISSING STORY for story->tango index: 84
MISSING STORY for story->tango index: 85
MISSING STORY for story->tango index: 90
MISSING STORY for story->tango index: 101
MISSING STORY for story->tango index: 107
MISSING STORY for story->tango index: 108
MISSING STORY for story->tango index: 115
MISSING STORY for story->tango index: 123
MISSING STORY for story->tango index: 126
MISSING STORY for story->tango index: 128
MISSING STORY for story->tango index: 131
MISSING STORY for story->tango index: 134
MISSING STORY for story->tango index: 137
MISSING STORY for story->tango index: 143
MISSING STORY for story->tango index: 150
MISSING STORY for story->tango index: 154
MISSING STORY for story->tango index: 162
MISSING STORY for story->tango index: 169
MISSING STORY for story->tango index: 172
MISSING STORY for story->tango index: 181
MISSING STORY for story->tango index: 185
MISSING STORY for story->tango index: 190
MISSING STORY for story->tango index: 203
MISSING STORY for story->tango index: 218
MISSING STORY for story->tango index: 221
MISSING STORY for story->tango index: 222
MISSING STORY for story->tango index: 231
MISSING STORY for story->tango index: 232
MISSING STORY for story->tango index: 233
MISSING STORY for story->tango index: 239
MISSING STORY for story->tango index: 240
MISSING STORY for story->tango index: 241
MISSING STORY for story->tango index: 243
MISSING STORY for story->tango index: 244
MISSING STORY for story->tango index: 245
MISSING STORY for story->tango index: 249
MISSING STORY for story->tango index: 250
MISSING STORY for story->tango index: 252
MISSING STORY for story->tango index: 253
MISSING STORY for story->tango index: 263
MISSING STORY for story->tango index: 271
MISSING STORY for story->tango index: 279
MISSING STORY for story->tango index: 280
MISSING STORY for story->tango index: 288
MISSING STORY for story->tango index: 293
MISSING STORY for story->tango index: 297
MISSING STORY for story->tango index: 298
MISSING STORY for story->tango index: 299
MISSING STORY for story->tango index: 301
MISSING STORY for story->tango index: 305
MISSING STORY for story->tango index: 317
MISSING STORY for story->tango index: 320
MISSING STORY for story->tango index: 322
MISSING STORY for story->tango index: 325
MISSING STORY for story->tango index: 326
MISSING STORY for story->tango index: 336
MISSING STORY for story->tango index: 341
MISSING STORY for story->tango index: 357
MISSING STORY for story->tango index: 359
MISSING STORY for story->tango index: 361
MISSING STORY for story->tango index: 362
MISSING STORY for story->tango index: 363
MISSING STORY for story->tango index: 369
MISSING STORY for story->tango index: 396
MISSING STORY for story->tango index: 398
MISSING STORY for story->tango index: 399
MISSING STORY for story->tango index: 402
MISSING STORY for story->tango index: 403
MISSING STORY for story->tango index: 404
MISSING STORY for story->tango index: 409
MISSING STORY for story->tango index: 422
MISSING STORY for story->tango index: 426
MISSING STORY for story->tango index: 429
MISSING STORY for story->tango index: 432
MISSING STORY for story->tango index: 445
MISSING STORY for story->tango index: 461
MISSING STORY for story->tango index: 487
MISSING STORY for story->tango index: 582
MISSING STORY for story->tango index: 658
MISSING STORY for story->tango index: 673
MISSING STORY for story->tango index: 696
MISSING STORY for story->tango index: 746
MISSING STORY for story->tango index: 792
MISSING STORY for story->tango index: 800
MISSING STORY for story->tango index: 805
MISSING STORY for story->tango index: 873
MISSING STORY for story->tango index: 4
MISSING STORY for story->tango index: 5
MISSING STORY for story->tango index: 6
MISSING STORY for story->tango index: 15
MISSING STORY for story->tango index: 25
MISSING STORY for story->tango index: 32
MISSING STORY for story->tango index: 112
MISSING STORY for story->tango index: 117
MISSING STORY for story->tango index: 119
MISSING STORY for story->tango index: 212
MISSING STORY for story->tango index: 251
MISSING STORY for story->tango index: 266
MISSING STORY for story->tango index: 303
MISSING STORY for story->tango index: 319
MISSING STORY for story->tango index: 333
MISSING STORY for story->tango index: 337
MISSING STORY for story->tango index: 342
MISSING STORY for story->tango index: 350
MISSING STORY for story->tango index: 370
MISSING STORY for story->tango index: 405
MISSING STORY for story->tango index: 423
MISSING STORY for story->tango index: 859
MISSING STORY for story->tango index: 72
MISSING STORY for story->tango index: 401
MISSING STORY for story->tango index: 273
MISSING STORY for story->tango index: 51
MISSING STORY for story->tango index: 73
MISSING STORY for story->tango index: 91
MISSING STORY for story->tango index: 95
MISSING STORY for story->tango index: 96
MISSING STORY for story->tango index: 97
MISSING STORY for story->tango index: 104
MISSING STORY for story->tango index: 106
MISSING STORY for story->tango index: 113
MISSING STORY for story->tango index: 118
MISSING STORY for story->tango index: 121
MISSING STORY for story->tango index: 135
MISSING STORY for story->tango index: 136
MISSING STORY for story->tango index: 138
MISSING STORY for story->tango index: 139
MISSING STORY for story->tango index: 144
MISSING STORY for story->tango index: 902
MISSING STORY for story->tango index: 258
MISSING STORY for story->tango index: 278
MISSING STORY for story->tango index: 283
MISSING STORY for story->tango index: 285
MISSING STORY for story->tango index: 295
MISSING STORY for story->tango index: 302
MISSING STORY for story->tango index: 304
MISSING STORY for story->tango index: 307
MISSING STORY for story->tango index: 308
MISSING STORY for story->tango index: 309
MISSING STORY for story->tango index: 310
MISSING STORY for story->tango index: 311
MISSING STORY for story->tango index: 312
MISSING STORY for story->tango index: 316
MISSING STORY for story->tango index: 318
MISSING STORY for story->tango index: 321
MISSING STORY for story->tango index: 343
MISSING STORY for story->tango index: 344
MISSING STORY for story->tango index: 345
MISSING STORY for story->tango index: 346
MISSING STORY for story->tango index: 353
MISSING STORY for story->tango index: 415
MISSING STORY for story->tango index: 419
MISSING STORY for story->tango index: 420
MISSING STORY for story->tango index: 424
DUPLICATE EDGEWEIGHT!: 18, 1278
DUPLICATE EDGEWEIGHT!: 1278, 18
DUPLICATE EDGEWEIGHT!: 18, 1588
DUPLICATE EDGEWEIGHT!: 1588, 18
DUPLICATE EDGEWEIGHT!: 18, 1833
DUPLICATE EDGEWEIGHT!: 1833, 18
DUPLICATE EDGEWEIGHT!: 18, 1844
DUPLICATE EDGEWEIGHT!: 1844, 18
DUPLICATE EDGEWEIGHT!: 18, 1852
DUPLICATE EDGEWEIGHT!: 1852, 18
DUPLICATE EDGEWEIGHT!: 18, 2218
DUPLICATE EDGEWEIGHT!: 2218, 18
DUPLICATE EDGEWEIGHT!: 18, 2316
DUPLICATE EDGEWEIGHT!: 2316, 18
DUPLICATE EDGEWEIGHT!: 18, 2364
DUPLICATE EDGEWEIGHT!: 2364, 18
MISSING STORY for story->keyword: 42
MISSING STORY for story->keyword: 50
MISSING STORY for story->keyword: 71
MISSING STORY for story->keyword: 78
MISSING STORY for story->keyword: 82
MISSING STORY for story->keyword: 87
MISSING STORY for story->keyword: 141
MISSING STORY for story->keyword: 171
MISSING STORY for story->keyword: 242
MISSING STORY for story->keyword: 254
MISSING STORY for story->keyword: 255
MISSING STORY for story->keyword: 256
MISSING STORY for story->keyword: 314
MISSING STORY for story->keyword: 323
MISSING STORY for story->keyword: 332
MISSING STORY for story->keyword: 338
MISSING STORY for story->keyword: 364
MISSING STORY for story->keyword: 366
MISSING STORY for story->keyword: 368
MISSING STORY for story->keyword: 371
MISSING STORY for story->keyword: 428
MISSING STORY for story->keyword: 434
MISSING STORY for story->keyword: 581
MISSING STORY for story->keyword: 893
MISSING STORY for story->keyword: 894
MISSING STORY for story->keyword: 895
MISSING STORY for story->keyword: 896
MISSING STORY for story->keyword: 897
MISSING STORY for story->keyword: 899
MISSING STORY for story->keyword: 900
MISSING STORY for story->keyword: 901
MISSING STORY for story->keyword: 903
MISSING STORY for story->keyword: 904
MISSING STORY for story->keyword: 906
MISSING STORY for story->keyword: 907
MISSING STORY for story->keyword: 909
MISSING STORY for story->keyword: 910
MISSING STORY for story->keyword: 911
MISSING STORY for story->keyword: 912
MISSING STORY for story->keyword: 913
MISSING STORY for story->keyword: 914
MISSING STORY for story->ETK index: 898
MISSING STORY for story->ETK index: 905
MISSING STORY for story->ETK index: 183
MISSING STORY for story->ETK index: 69
MISSING STORY for story->ETK index: 354
Max genre node is 2487
Added edge between story 3 and place mentioned 2855
Added edge between story 11 and place mentioned 2985
Added edge between story 14 and place mentioned 2956
Added edge between story 16 and place mentioned 2634
Added edge between story 16 and place mentioned 3143
Added edge between story 17 and place mentioned 2494
Added edge between story 17 and place mentioned 3143
Added edge between story 18 and place mentioned 2589
Added edge between story 18 and place mentioned 3029
Added edge between story 18 and place mentioned 3118
Added edge between story 19 and place mentioned 2494
Added edge between story 19 and place mentioned 2536
Added edge between story 19 and place mentioned 2536
Added edge between story 21 and place mentioned 2494
Added edge between story 21 and place mentioned 2956
Added edge between story 22 and place mentioned 2937
Added edge between story 23 and place mentioned 3207
Added edge between story 26 and place mentioned 2494
Added edge between story 26 and place mentioned 2634
Added edge between story 26 and place mentioned 3156
Added edge between story 27 and place mentioned 2508
Added edge between story 27 and place mentioned 2592
Added edge between story 27 and place mentioned 2638
Added edge between story 27 and place mentioned 2980
Added edge between story 27 and place mentioned 3095
Added edge between story 27 and place mentioned 3096
Added edge between story 27 and place mentioned 3153
Added edge between story 28 and place mentioned 2508
Added edge between story 28 and place mentioned 2623
Added edge between story 28 and place mentioned 3029
Added edge between story 28 and place mentioned 3096
Added edge between story 29 and place mentioned 2906
Added edge between story 29 and place mentioned 2980
Added edge between story 31 and place mentioned 2916
Added edge between story 32 and place mentioned 2494
Added edge between story 32 and place mentioned 2956
Added edge between story 32 and place mentioned 2965
Added edge between story 32 and place mentioned 3197
Added edge between story 33 and place mentioned 2659
Added edge between story 33 and place mentioned 2885
Added edge between story 34 and place mentioned 2700
Added edge between story 34 and place mentioned 2917
Added edge between story 35 and place mentioned 2494
Added edge between story 36 and place mentioned 2634
Added edge between story 36 and place mentioned 2976
Added edge between story 37 and place mentioned 2911
Added edge between story 38 and place mentioned 2651
Added edge between story 38 and place mentioned 2687
Added edge between story 39 and place mentioned 2491
Added edge between story 39 and place mentioned 2958
Added edge between story 40 and place mentioned 2633
Added edge between story 41 and place mentioned 2839
Added edge between story 43 and place mentioned 3143
Added edge between story 44 and place mentioned 2673
Added edge between story 45 and place mentioned 2906
Added edge between story 45 and place mentioned 3024
Added edge between story 48 and place mentioned 2681
Added edge between story 48 and place mentioned 2911
Added edge between story 48 and place mentioned 3156
Added edge between story 49 and place mentioned 2634
Added edge between story 53 and place mentioned 3035
Added edge between story 54 and place mentioned 2687
Added edge between story 55 and place mentioned 2687
Added edge between story 56 and place mentioned 2494
Added edge between story 56 and place mentioned 2634
Added edge between story 56 and place mentioned 2755
Added edge between story 56 and place mentioned 2770
Added edge between story 58 and place mentioned 2491
Added edge between story 58 and place mentioned 2587
Added edge between story 58 and place mentioned 2965
Added edge between story 58 and place mentioned 3043
Added edge between story 58 and place mentioned 2921
Added edge between story 58 and place mentioned 3148
Added edge between story 63 and place mentioned 3118
Added edge between story 64 and place mentioned 2930
Added edge between story 65 and place mentioned 2542
Added edge between story 65 and place mentioned 2812
Added edge between story 66 and place mentioned 2634
Added edge between story 67 and place mentioned 3055
Added edge between story 69 and place mentioned 2634
Added edge between story 69 and place mentioned 3142
Added edge between story 73 and place mentioned 2687
Added edge between story 73 and place mentioned 2911
Added edge between story 73 and place mentioned 3156
Added edge between story 75 and place mentioned 2687
Added edge between story 75 and place mentioned 2980
Added edge between story 77 and place mentioned 2937
Added edge between story 77 and place mentioned 3029
Added edge between story 77 and place mentioned 3118
Added edge between story 77 and place mentioned 3143
Added edge between story 79 and place mentioned 3143
Added edge between story 80 and place mentioned 3084
Added edge between story 80 and place mentioned 3143
Added edge between story 81 and place mentioned 2979
Added edge between story 82 and place mentioned 2634
Added edge between story 83 and place mentioned 2835
Added edge between story 84 and place mentioned 2494
Added edge between story 84 and place mentioned 3089
Added edge between story 85 and place mentioned 2634
Added edge between story 86 and place mentioned 2911
Added edge between story 88 and place mentioned 2494
Added edge between story 89 and place mentioned 2634
Added edge between story 91 and place mentioned 2979
Added edge between story 92 and place mentioned 2755
Added edge between story 95 and place mentioned 3033
Added edge between story 98 and place mentioned 2536
Added edge between story 98 and place mentioned 3033
Added edge between story 99 and place mentioned 2634
Added edge between story 99 and place mentioned 2911
Added edge between story 99 and place mentioned 2916
Added edge between story 99 and place mentioned 3142
Added edge between story 100 and place mentioned 2634
Added edge between story 101 and place mentioned 2494
Added edge between story 101 and place mentioned 3143
Added edge between story 102 and place mentioned 2590
Added edge between story 103 and place mentioned 2491
Added edge between story 104 and place mentioned 2979
Added edge between story 105 and place mentioned 2979
Added edge between story 107 and place mentioned 2979
Added edge between story 108 and place mentioned 2979
Added edge between story 109 and place mentioned 2491
Added edge between story 109 and place mentioned 2894
Added edge between story 110 and place mentioned 2894
Added edge between story 111 and place mentioned 3144
Added edge between story 113 and place mentioned 3043
Added edge between story 114 and place mentioned 2579
Added edge between story 116 and place mentioned 2499
Added edge between story 120 and place mentioned 3089
Added edge between story 122 and place mentioned 2494
Added edge between story 123 and place mentioned 2930
Added edge between story 124 and place mentioned 2494
Added edge between story 125 and place mentioned 2634
Added edge between story 129 and place mentioned 3148
Added edge between story 129 and place mentioned 2825
Added edge between story 130 and place mentioned 2491
Added edge between story 130 and place mentioned 2610
Added edge between story 130 and place mentioned 3098
Added edge between story 133 and place mentioned 2536
Added edge between story 140 and place mentioned 2494
Added edge between story 140 and place mentioned 2930
Added edge between story 141 and place mentioned 2634
Added edge between story 142 and place mentioned 2728
Added edge between story 143 and place mentioned 3026
Added edge between story 143 and place mentioned 3141
Added edge between story 145 and place mentioned 2565
Added edge between story 145 and place mentioned 3075
Added edge between story 145 and place mentioned 3116
Added edge between story 146 and place mentioned 2753
Added edge between story 147 and place mentioned 3185
Added edge between story 148 and place mentioned 2904
Added edge between story 149 and place mentioned 2525
Added edge between story 149 and place mentioned 2753
Added edge between story 150 and place mentioned 3141
Added edge between story 151 and place mentioned 2671
Added edge between story 151 and place mentioned 2801
Added edge between story 151 and place mentioned 2940
Added edge between story 151 and place mentioned 2921
Added edge between story 151 and place mentioned 3159
Added edge between story 152 and place mentioned 2940
Added edge between story 153 and place mentioned 2491
Added edge between story 153 and place mentioned 2958
Added edge between story 153 and place mentioned 3065
Added edge between story 154 and place mentioned 2517
Added edge between story 154 and place mentioned 3116
Added edge between story 154 and place mentioned 3160
Added edge between story 155 and place mentioned 2530
Added edge between story 155 and place mentioned 3010
Added edge between story 156 and place mentioned 2530
Added edge between story 156 and place mentioned 2573
Added edge between story 157 and place mentioned 2573
Added edge between story 157 and place mentioned 2824
Added edge between story 157 and place mentioned 3160
Added edge between story 158 and place mentioned 2517
Added edge between story 158 and place mentioned 2787
Added edge between story 159 and place mentioned 2787
Added edge between story 159 and place mentioned 2896
Added edge between story 159 and place mentioned 3065
Added edge between story 160 and place mentioned 2859
Added edge between story 160 and place mentioned 3160
Added edge between story 161 and place mentioned 2794
Added edge between story 161 and place mentioned 3065
Added edge between story 161 and place mentioned 3160
Added edge between story 162 and place mentioned 3160
Added edge between story 163 and place mentioned 2787
Added edge between story 163 and place mentioned 3219
Added edge between story 165 and place mentioned 2558
Added edge between story 165 and place mentioned 3116
Added edge between story 166 and place mentioned 2585
Added edge between story 166 and place mentioned 2711
Added edge between story 166 and place mentioned 2753
Added edge between story 167 and place mentioned 3141
Added edge between story 170 and place mentioned 2627
Added edge between story 171 and place mentioned 2566
Added edge between story 171 and place mentioned 2753
Added edge between story 171 and place mentioned 3116
Added edge between story 172 and place mentioned 3116
Added edge between story 172 and place mentioned 3126
Added edge between story 173 and place mentioned 2627
Added edge between story 174 and place mentioned 2601
Added edge between story 174 and place mentioned 2871
Added edge between story 174 and place mentioned 2896
Added edge between story 174 and place mentioned 3002
Added edge between story 175 and place mentioned 2595
Added edge between story 175 and place mentioned 2793
Added edge between story 175 and place mentioned 2871
Added edge between story 176 and place mentioned 2802
Added edge between story 177 and place mentioned 3078
Added edge between story 178 and place mentioned 3141
Added edge between story 179 and place mentioned 2561
Added edge between story 179 and place mentioned 3201
Added edge between story 180 and place mentioned 2640
Added edge between story 180 and place mentioned 2753
Added edge between story 181 and place mentioned 2786
Added edge between story 182 and place mentioned 3038
Added edge between story 182 and place mentioned 3072
Added edge between story 182 and place mentioned 3073
Added edge between story 182 and place mentioned 2560
Added edge between story 182 and place mentioned 2630
Added edge between story 182 and place mentioned 3038
Added edge between story 182 and place mentioned 3209
Added edge between story 184 and place mentioned 2558
Added edge between story 184 and place mentioned 2982
Added edge between story 184 and place mentioned 3219
Added edge between story 185 and place mentioned 2800
Added edge between story 186 and place mentioned 3075
Added edge between story 186 and place mentioned 3075
Added edge between story 186 and place mentioned 3088
Added edge between story 186 and place mentioned 3185
Added edge between story 186 and place mentioned 3222
Added edge between story 187 and place mentioned 2871
Added edge between story 188 and place mentioned 2524
Added edge between story 189 and place mentioned 2753
Added edge between story 189 and place mentioned 2793
Added edge between story 189 and place mentioned 2871
Added edge between story 189 and place mentioned 3064
Added edge between story 189 and place mentioned 3087
Added edge between story 190 and place mentioned 2996
Added edge between story 191 and place mentioned 2904
Added edge between story 192 and place mentioned 2530
Added edge between story 192 and place mentioned 2573
Added edge between story 193 and place mentioned 2860
Added edge between story 194 and place mentioned 2860
Added edge between story 194 and place mentioned 3116
Added edge between story 195 and place mentioned 2763
Added edge between story 195 and place mentioned 3210
Added edge between story 196 and place mentioned 2525
Added edge between story 196 and place mentioned 2753
Added edge between story 197 and place mentioned 2558
Added edge between story 198 and place mentioned 2593
Added edge between story 198 and place mentioned 3160
Added edge between story 199 and place mentioned 3160
Added edge between story 200 and place mentioned 2602
Added edge between story 200 and place mentioned 3160
Added edge between story 201 and place mentioned 3160
Added edge between story 201 and place mentioned 3161
Added edge between story 202 and place mentioned 3160
Added edge between story 202 and place mentioned 3161
Added edge between story 203 and place mentioned 2753
Added edge between story 203 and place mentioned 2820
Added edge between story 204 and place mentioned 3135
Added edge between story 205 and place mentioned 2827
Added edge between story 205 and place mentioned 3116
Added edge between story 206 and place mentioned 2565
Added edge between story 206 and place mentioned 3116
Added edge between story 207 and place mentioned 2490
Added edge between story 207 and place mentioned 2627
Added edge between story 207 and place mentioned 2954
Added edge between story 207 and place mentioned 3132
Added edge between story 208 and place mentioned 2794
Added edge between story 208 and place mentioned 3160
Added edge between story 209 and place mentioned 2491
Added edge between story 209 and place mentioned 2556
Added edge between story 209 and place mentioned 2824
Added edge between story 210 and place mentioned 2524
Added edge between story 210 and place mentioned 2573
Added edge between story 210 and place mentioned 2620
Added edge between story 210 and place mentioned 2824
Added edge between story 210 and place mentioned 3160
Added edge between story 211 and place mentioned 2963
Added edge between story 213 and place mentioned 2934
Added edge between story 213 and place mentioned 3006
Added edge between story 213 and place mentioned 3218
Added edge between story 214 and place mentioned 2765
Added edge between story 215 and place mentioned 2765
Added edge between story 216 and place mentioned 2525
Added edge between story 216 and place mentioned 2869
Added edge between story 216 and place mentioned 2925
Added edge between story 217 and place mentioned 2719
Added edge between story 217 and place mentioned 2815
Added edge between story 218 and place mentioned 2614
Added edge between story 219 and place mentioned 2518
Added edge between story 219 and place mentioned 2860
Added edge between story 220 and place mentioned 2781
Added edge between story 220 and place mentioned 2912
Added edge between story 221 and place mentioned 2596
Added edge between story 222 and place mentioned 2615
Added edge between story 222 and place mentioned 2715
Added edge between story 222 and place mentioned 2912
Added edge between story 222 and place mentioned 3097
Added edge between story 223 and place mentioned 3208
Added edge between story 225 and place mentioned 3208
Added edge between story 226 and place mentioned 2495
Added edge between story 228 and place mentioned 2902
Added edge between story 229 and place mentioned 2912
Added edge between story 230 and place mentioned 2912
Added edge between story 230 and place mentioned 3057
Added edge between story 231 and place mentioned 2990
Added edge between story 232 and place mentioned 2718
Added edge between story 233 and place mentioned 2912
Added edge between story 234 and place mentioned 2717
Added edge between story 234 and place mentioned 2912
Added edge between story 235 and place mentioned 2912
Added edge between story 236 and place mentioned 2848
Added edge between story 236 and place mentioned 2933
Added edge between story 236 and place mentioned 3112
Added edge between story 237 and place mentioned 2588
Added edge between story 237 and place mentioned 2990
Added edge between story 237 and place mentioned 3071
Added edge between story 238 and place mentioned 2741
Added edge between story 238 and place mentioned 2766
Added edge between story 239 and place mentioned 2781
Added edge between story 239 and place mentioned 3208
Added edge between story 240 and place mentioned 2706
Added edge between story 241 and place mentioned 2706
Added edge between story 242 and place mentioned 2766
Added edge between story 242 and place mentioned 2990
Added edge between story 243 and place mentioned 2706
Added edge between story 244 and place mentioned 2706
Added edge between story 244 and place mentioned 2958
Added edge between story 246 and place mentioned 2781
Added edge between story 247 and place mentioned 2596
Added edge between story 247 and place mentioned 2781
Added edge between story 248 and place mentioned 2514
Added edge between story 248 and place mentioned 3208
Added edge between story 249 and place mentioned 2912
Added edge between story 249 and place mentioned 3208
Added edge between story 250 and place mentioned 2500
Added edge between story 250 and place mentioned 2555
Added edge between story 252 and place mentioned 2715
Added edge between story 252 and place mentioned 2912
Added edge between story 260 and place mentioned 3195
Added edge between story 261 and place mentioned 2912
Added edge between story 261 and place mentioned 3195
Added edge between story 262 and place mentioned 2912
Added edge between story 263 and place mentioned 2912
Added edge between story 263 and place mentioned 3097
Added edge between story 263 and place mentioned 3154
Added edge between story 264 and place mentioned 2970
Added edge between story 271 and place mentioned 2912
Added edge between story 275 and place mentioned 2675
Added edge between story 275 and place mentioned 2715
Added edge between story 276 and place mentioned 3062
Added edge between story 279 and place mentioned 2495
Added edge between story 279 and place mentioned 2809
Added edge between story 280 and place mentioned 2650
Added edge between story 280 and place mentioned 2958
Added edge between story 280 and place mentioned 3013
Added edge between story 281 and place mentioned 2532
Added edge between story 282 and place mentioned 3176
Added edge between story 282 and place mentioned 3176
Added edge between story 282 and place mentioned 2766
Added edge between story 282 and place mentioned 2791
Added edge between story 282 and place mentioned 3120
Added edge between story 283 and place mentioned 3216
Added edge between story 283 and place mentioned 3216
Added edge between story 286 and place mentioned 2781
Added edge between story 286 and place mentioned 2912
Added edge between story 286 and place mentioned 2990
Added edge between story 287 and place mentioned 2912
Added edge between story 287 and place mentioned 3057
Added edge between story 288 and place mentioned 2706
Added edge between story 289 and place mentioned 2732
Added edge between story 290 and place mentioned 2988
Added edge between story 291 and place mentioned 3057
Added edge between story 292 and place mentioned 2495
Added edge between story 294 and place mentioned 2500
Added edge between story 294 and place mentioned 2650
Added edge between story 294 and place mentioned 2900
Added edge between story 294 and place mentioned 2958
Added edge between story 296 and place mentioned 2553
Added edge between story 296 and place mentioned 2553
Added edge between story 296 and place mentioned 2553
Added edge between story 297 and place mentioned 2781
Added edge between story 297 and place mentioned 2912
Added edge between story 298 and place mentioned 2912
Added edge between story 298 and place mentioned 2958
Added edge between story 301 and place mentioned 2516
Added edge between story 301 and place mentioned 2842
Added edge between story 301 and place mentioned 2958
Added edge between story 312 and place mentioned 3139
Added edge between story 313 and place mentioned 2514
Added edge between story 313 and place mentioned 2588
Added edge between story 313 and place mentioned 2990
Added edge between story 315 and place mentioned 2912
Added edge between story 315 and place mentioned 3057
Added edge between story 321 and place mentioned 2832
Added edge between story 321 and place mentioned 2891
Added edge between story 321 and place mentioned 3139
Added edge between story 323 and place mentioned 2550
Added edge between story 323 and place mentioned 2912
Added edge between story 323 and place mentioned 2990
Added edge between story 324 and place mentioned 2983
Added edge between story 325 and place mentioned 2870
Added edge between story 325 and place mentioned 2596
Added edge between story 325 and place mentioned 2983
Added edge between story 325 and place mentioned 2983
Added edge between story 326 and place mentioned 2895
Added edge between story 326 and place mentioned 2535
Added edge between story 326 and place mentioned 2594
Added edge between story 326 and place mentioned 3027
Added edge between story 327 and place mentioned 2553
Added edge between story 329 and place mentioned 3027
Added edge between story 330 and place mentioned 2825
Added edge between story 339 and place mentioned 3062
Added edge between story 339 and place mentioned 2577
Added edge between story 339 and place mentioned 2730
Added edge between story 339 and place mentioned 2771
Added edge between story 339 and place mentioned 2867
Added edge between story 340 and place mentioned 3019
Added edge between story 340 and place mentioned 3129
Added edge between story 342 and place mentioned 3217
Added edge between story 344 and place mentioned 2958
Added edge between story 347 and place mentioned 3027
Added edge between story 348 and place mentioned 2619
Added edge between story 351 and place mentioned 3027
Added edge between story 352 and place mentioned 2495
Added edge between story 352 and place mentioned 3027
Added edge between story 352 and place mentioned 3216
Added edge between story 354 and place mentioned 2892
Added edge between story 354 and place mentioned 3027
Added edge between story 355 and place mentioned 3027
Added edge between story 356 and place mentioned 2669
Added edge between story 356 and place mentioned 3027
Added edge between story 357 and place mentioned 2752
Added edge between story 358 and place mentioned 2619
Added edge between story 358 and place mentioned 2867
Added edge between story 359 and place mentioned 2837
Added edge between story 359 and place mentioned 3129
Added edge between story 360 and place mentioned 2807
Added edge between story 361 and place mentioned 2807
Added edge between story 361 and place mentioned 2984
Added edge between story 365 and place mentioned 2730
Added edge between story 365 and place mentioned 2838
Added edge between story 368 and place mentioned 2495
Added edge between story 368 and place mentioned 3027
Added edge between story 368 and place mentioned 3216
Added edge between story 371 and place mentioned 2892
Added edge between story 371 and place mentioned 2958
Added edge between story 373 and place mentioned 2609
Added edge between story 373 and place mentioned 2750
Added edge between story 373 and place mentioned 2796
Added edge between story 374 and place mentioned 2576
Added edge between story 374 and place mentioned 2683
Added edge between story 374 and place mentioned 2785
Added edge between story 374 and place mentioned 2991
Added edge between story 374 and place mentioned 3007
Added edge between story 375 and place mentioned 3166
Added edge between story 375 and place mentioned 3178
Added edge between story 376 and place mentioned 3069
Added edge between story 377 and place mentioned 2506
Added edge between story 378 and place mentioned 3102
Added edge between story 379 and place mentioned 3102
Added edge between story 380 and place mentioned 3102
Added edge between story 381 and place mentioned 2609
Added edge between story 382 and place mentioned 2648
Added edge between story 383 and place mentioned 3082
Added edge between story 383 and place mentioned 3104
Added edge between story 384 and place mentioned 3009
Added edge between story 385 and place mentioned 2509
Added edge between story 385 and place mentioned 2597
Added edge between story 385 and place mentioned 2887
Added edge between story 386 and place mentioned 3102
Added edge between story 387 and place mentioned 3102
Added edge between story 388 and place mentioned 3138
Added edge between story 390 and place mentioned 2849
Added edge between story 390 and place mentioned 2905
Added edge between story 391 and place mentioned 2928
Added edge between story 393 and place mentioned 2905
Added edge between story 396 and place mentioned 2609
Added edge between story 396 and place mentioned 2946
Added edge between story 396 and place mentioned 3102
Added edge between story 397 and place mentioned 2991
Added edge between story 398 and place mentioned 2609
Added edge between story 398 and place mentioned 3102
Added edge between story 399 and place mentioned 3102
Added edge between story 401 and place mentioned 2495
Added edge between story 401 and place mentioned 2609
Added edge between story 401 and place mentioned 2740
Added edge between story 401 and place mentioned 2967
Added edge between story 401 and place mentioned 3018
Added edge between story 402 and place mentioned 2893
Added edge between story 403 and place mentioned 2893
Added edge between story 406 and place mentioned 3200
Added edge between story 408 and place mentioned 3148
Added edge between story 409 and place mentioned 2609
Added edge between story 410 and place mentioned 2899
Added edge between story 411 and place mentioned 2648
Added edge between story 411 and place mentioned 3018
Added edge between story 412 and place mentioned 3028
Added edge between story 413 and place mentioned 2549
Added edge between story 414 and place mentioned 2554
Added edge between story 414 and place mentioned 2609
Added edge between story 414 and place mentioned 3102
Added edge between story 415 and place mentioned 3102
Added edge between story 417 and place mentioned 3178
Added edge between story 417 and place mentioned 3180
Added edge between story 418 and place mentioned 2905
Added edge between story 419 and place mentioned 2967
Added edge between story 419 and place mentioned 3178
Added edge between story 420 and place mentioned 2946
Added edge between story 420 and place mentioned 3102
Added edge between story 421 and place mentioned 2722
Added edge between story 421 and place mentioned 3416
Added edge between story 422 and place mentioned 2679
Added edge between story 425 and place mentioned 2554
Added edge between story 425 and place mentioned 2597
Added edge between story 429 and place mentioned 2609
Added edge between story 430 and place mentioned 2893
Added edge between story 431 and place mentioned 2661
Added edge between story 431 and place mentioned 2688
Added edge between story 431 and place mentioned 2905
Added edge between story 431 and place mentioned 2952
Added edge between story 431 and place mentioned 3049
Added edge between story 433 and place mentioned 2495
Added edge between story 433 and place mentioned 2529
Added edge between story 433 and place mentioned 2581
Added edge between story 433 and place mentioned 2591
Added edge between story 433 and place mentioned 2696
Added edge between story 433 and place mentioned 2738
Added edge between story 433 and place mentioned 2770
Added edge between story 433 and place mentioned 3169
Added edge between story 438 and place mentioned 2519
Added edge between story 438 and place mentioned 2847
Added edge between story 438 and place mentioned 3079
Added edge between story 439 and place mentioned 2685
Added edge between story 439 and place mentioned 2694
Added edge between story 439 and place mentioned 3106
Added edge between story 441 and place mentioned 3050
Added edge between story 441 and place mentioned 3133
Added edge between story 447 and place mentioned 2501
Added edge between story 447 and place mentioned 2805
Added edge between story 450 and place mentioned 2829
Added edge between story 452 and place mentioned 2826
Added edge between story 452 and place mentioned 3198
Added edge between story 458 and place mentioned 3205
Added edge between story 458 and place mentioned 3206
Added edge between story 458 and place mentioned 3206
Added edge between story 460 and place mentioned 2723
Added edge between story 460 and place mentioned 2724
Added edge between story 465 and place mentioned 3186
Added edge between story 472 and place mentioned 3086
Added edge between story 475 and place mentioned 2498
Added edge between story 475 and place mentioned 2637
Added edge between story 475 and place mentioned 2647
Added edge between story 475 and place mentioned 2947
Added edge between story 477 and place mentioned 3124
Added edge between story 477 and place mentioned 3127
Added edge between story 483 and place mentioned 2865
Added edge between story 483 and place mentioned 3134
Added edge between story 483 and place mentioned 2753
Added edge between story 484 and place mentioned 2861
Added edge between story 484 and place mentioned 3160
Added edge between story 485 and place mentioned 2563
Added edge between story 486 and place mentioned 3194
Added edge between story 491 and place mentioned 2582
Added edge between story 492 and place mentioned 3048
Added edge between story 496 and place mentioned 2919
Added edge between story 496 and place mentioned 3199
Added edge between story 501 and place mentioned 2790
Added edge between story 501 and place mentioned 2909
Added edge between story 504 and place mentioned 3186
Added edge between story 505 and place mentioned 2645
Added edge between story 505 and place mentioned 2958
Added edge between story 506 and place mentioned 3191
Added edge between story 507 and place mentioned 2719
Added edge between story 507 and place mentioned 2877
Added edge between story 507 and place mentioned 2942
Added edge between story 507 and place mentioned 2719
Added edge between story 510 and place mentioned 2674
Added edge between story 511 and place mentioned 2632
Added edge between story 511 and place mentioned 2668
Added edge between story 511 and place mentioned 3114
Added edge between story 517 and place mentioned 2793
Added edge between story 517 and place mentioned 2871
Added edge between story 517 and place mentioned 3116
Added edge between story 517 and place mentioned 3160
Added edge between story 519 and place mentioned 2505
Added edge between story 519 and place mentioned 2584
Added edge between story 520 and place mentioned 3108
Added edge between story 520 and place mentioned 3189
Added edge between story 527 and place mentioned 2777
Added edge between story 527 and place mentioned 2841
Added edge between story 529 and place mentioned 2846
Added edge between story 529 and place mentioned 3188
Added edge between story 531 and place mentioned 3017
Added edge between story 531 and place mentioned 3223
Added edge between story 534 and place mentioned 3157
Added edge between story 537 and place mentioned 2789
Added edge between story 537 and place mentioned 2961
Added edge between story 541 and place mentioned 2758
Added edge between story 542 and place mentioned 2676
Added edge between story 542 and place mentioned 3195
Added edge between story 543 and place mentioned 2798
Added edge between story 544 and place mentioned 2836
Added edge between story 548 and place mentioned 2512
Added edge between story 548 and place mentioned 2833
Added edge between story 554 and place mentioned 2597
Added edge between story 559 and place mentioned 2874
Added edge between story 562 and place mentioned 2769
Added edge between story 562 and place mentioned 2863
Added edge between story 562 and place mentioned 3167
Added edge between story 564 and place mentioned 2487
Added edge between story 564 and place mentioned 2774
Added edge between story 564 and place mentioned 2927
Added edge between story 564 and place mentioned 2869
Added edge between story 569 and place mentioned 2800
Added edge between story 570 and place mentioned 2926
Added edge between story 570 and place mentioned 2975
Added edge between story 571 and place mentioned 2510
Added edge between story 573 and place mentioned 3294
Added edge between story 573 and place mentioned 3138
Added edge between story 575 and place mentioned 2641
Added edge between story 576 and place mentioned 2875
Added edge between story 578 and place mentioned 2980
Added edge between story 584 and place mentioned 2642
Added edge between story 584 and place mentioned 2714
Added edge between story 584 and place mentioned 2993
Added edge between story 590 and place mentioned 3177
Added edge between story 592 and place mentioned 2586
Added edge between story 598 and place mentioned 2862
Added edge between story 598 and place mentioned 2964
Added edge between story 598 and place mentioned 2994
Added edge between story 604 and place mentioned 3147
Added edge between story 610 and place mentioned 2583
Added edge between story 610 and place mentioned 2604
Added edge between story 610 and place mentioned 3046
Added edge between story 613 and place mentioned 2611
Added edge between story 613 and place mentioned 2931
Added edge between story 614 and place mentioned 2564
Added edge between story 614 and place mentioned 3047
Added edge between story 617 and place mentioned 2644
Added edge between story 617 and place mentioned 2810
Added edge between story 618 and place mentioned 2725
Added edge between story 618 and place mentioned 3195
Added edge between story 620 and place mentioned 2664
Added edge between story 620 and place mentioned 2950
Added edge between story 620 and place mentioned 3136
Added edge between story 623 and place mentioned 2699
Added edge between story 623 and place mentioned 2726
Added edge between story 628 and place mentioned 2515
Added edge between story 628 and place mentioned 3160
Added edge between story 630 and place mentioned 3107
Added edge between story 630 and place mentioned 3193
Added edge between story 633 and place mentioned 2948
Added edge between story 633 and place mentioned 2753
Added edge between story 634 and place mentioned 2840
Added edge between story 634 and place mentioned 2860
Added edge between story 634 and place mentioned 3160
Added edge between story 641 and place mentioned 2857
Added edge between story 641 and place mentioned 3122
Added edge between story 644 and place mentioned 2537
Added edge between story 644 and place mentioned 2698
Added edge between story 644 and place mentioned 2772
Added edge between story 649 and place mentioned 3036
Added edge between story 650 and place mentioned 2664
Added edge between story 650 and place mentioned 2879
Added edge between story 651 and place mentioned 2655
Added edge between story 651 and place mentioned 3083
Added edge between story 652 and place mentioned 3102
Added edge between story 653 and place mentioned 2873
Added edge between story 653 and place mentioned 2914
Added edge between story 653 and place mentioned 3155
Added edge between story 654 and place mentioned 2537
Added edge between story 654 and place mentioned 3131
Added edge between story 656 and place mentioned 2701
Added edge between story 656 and place mentioned 2746
Added edge between story 656 and place mentioned 2979
Added edge between story 657 and place mentioned 2957
Added edge between story 659 and place mentioned 2733
Added edge between story 661 and place mentioned 2747
Added edge between story 661 and place mentioned 2779
Added edge between story 661 and place mentioned 2783
Added edge between story 661 and place mentioned 2814
Added edge between story 667 and place mentioned 2663
Added edge between story 667 and place mentioned 3009
Added edge between story 669 and place mentioned 2537
Added edge between story 671 and place mentioned 3015
Added edge between story 671 and place mentioned 2506
Added edge between story 676 and place mentioned 2709
Added edge between story 676 and place mentioned 2780
Added edge between story 677 and place mentioned 2590
Added edge between story 677 and place mentioned 2613
Added edge between story 677 and place mentioned 3029
Added edge between story 678 and place mentioned 3029
Added edge between story 679 and place mentioned 2548
Added edge between story 679 and place mentioned 2960
Added edge between story 680 and place mentioned 2760
Added edge between story 680 and place mentioned 3175
Added edge between story 680 and place mentioned 3196
Added edge between story 681 and place mentioned 3148
Added edge between story 682 and place mentioned 2784
Added edge between story 682 and place mentioned 2560
Added edge between story 683 and place mentioned 3420
Added edge between story 683 and place mentioned 3421
Added edge between story 684 and place mentioned 2808
Added edge between story 686 and place mentioned 2568
Added edge between story 686 and place mentioned 3150
Added edge between story 689 and place mentioned 3003
Added edge between story 690 and place mentioned 2605
Added edge between story 691 and place mentioned 2884
Added edge between story 692 and place mentioned 3418
Added edge between story 692 and place mentioned 3419
Added edge between story 693 and place mentioned 2957
Added edge between story 694 and place mentioned 2957
Added edge between story 699 and place mentioned 2603
Added edge between story 699 and place mentioned 2727
Added edge between story 701 and place mentioned 2558
Added edge between story 701 and place mentioned 3116
Added edge between story 703 and place mentioned 2617
Added edge between story 703 and place mentioned 2513
Added edge between story 705 and place mentioned 2502
Added edge between story 705 and place mentioned 3042
Added edge between story 715 and place mentioned 2703
Added edge between story 716 and place mentioned 3085
Added edge between story 716 and place mentioned 3113
Added edge between story 721 and place mentioned 2751
Added edge between story 721 and place mentioned 2797
Added edge between story 721 and place mentioned 3125
Added edge between story 721 and place mentioned 3202
Added edge between story 721 and place mentioned 3202
Added edge between story 722 and place mentioned 2745
Added edge between story 728 and place mentioned 2843
Added edge between story 737 and place mentioned 2744
Added edge between story 741 and place mentioned 2818
Added edge between story 741 and place mentioned 2922
Added edge between story 749 and place mentioned 2523
Added edge between story 752 and place mentioned 2814
Added edge between story 752 and place mentioned 2889
Added edge between story 755 and place mentioned 3034
Added edge between story 755 and place mentioned 2561
Added edge between story 756 and place mentioned 3000
Added edge between story 763 and place mentioned 2598
Added edge between story 763 and place mentioned 2628
Added edge between story 766 and place mentioned 2600
Added edge between story 766 and place mentioned 2886
Added edge between story 766 and place mentioned 3172
Added edge between story 766 and place mentioned 3173
Added edge between story 769 and place mentioned 2854
Added edge between story 775 and place mentioned 2672
Added edge between story 775 and place mentioned 2757
Added edge between story 775 and place mentioned 2876
Added edge between story 779 and place mentioned 2844
Added edge between story 779 and place mentioned 2978
Added edge between story 779 and place mentioned 3151
Added edge between story 785 and place mentioned 3063
Added edge between story 785 and place mentioned 2656
Added edge between story 785 and place mentioned 2682
Added edge between story 785 and place mentioned 3059
Added edge between story 785 and place mentioned 3167
Added edge between story 786 and place mentioned 2540
Added edge between story 787 and place mentioned 2951
Added edge between story 787 and place mentioned 2951
Added edge between story 787 and place mentioned 2825
Added edge between story 788 and place mentioned 2649
Added edge between story 788 and place mentioned 2817
Added edge between story 788 and place mentioned 2992
Added edge between story 790 and place mentioned 3014
Added edge between story 793 and place mentioned 3186
Added edge between story 797 and place mentioned 2713
Added edge between story 797 and place mentioned 2821
Added edge between story 797 and place mentioned 2822
Added edge between story 797 and place mentioned 2989
Added edge between story 802 and place mentioned 2759
Added edge between story 806 and place mentioned 2806
Added edge between story 806 and place mentioned 2953
Added edge between story 808 and place mentioned 2547
Added edge between story 813 and place mentioned 2974
Added edge between story 815 and place mentioned 3436
Added edge between story 816 and place mentioned 3062
Added edge between story 818 and place mentioned 3066
Added edge between story 821 and place mentioned 2998
Added edge between story 831 and place mentioned 2680
Added edge between story 831 and place mentioned 2836
Added edge between story 834 and place mentioned 2901
Added edge between story 835 and place mentioned 2631
Added edge between story 837 and place mentioned 2813
Added edge between story 837 and place mentioned 2816
Added edge between story 837 and place mentioned 2816
Added edge between story 840 and place mentioned 2621
Added edge between story 840 and place mentioned 2664
Added edge between story 840 and place mentioned 2665
Added edge between story 840 and place mentioned 2747
Added edge between story 840 and place mentioned 2915
Added edge between story 848 and place mentioned 2681
Added edge between story 860 and place mentioned 3061
Added edge between story 860 and place mentioned 2491
Added edge between story 861 and place mentioned 3373
Added edge between story 862 and place mentioned 2939
Added edge between story 862 and place mentioned 2958
Added edge between story 863 and place mentioned 2567
Added edge between story 863 and place mentioned 3025
Added edge between story 864 and place mentioned 3422
Added edge between story 868 and place mentioned 2570
Added edge between story 869 and place mentioned 2797
Added edge between story 869 and place mentioned 2934
Added edge between story 871 and place mentioned 3169
Added edge between story 871 and place mentioned 3425
Added edge between story 872 and place mentioned 2622
Added edge between story 874 and place mentioned 3428
Added edge between story 874 and place mentioned 3429
Added edge between story 874 and place mentioned 3430
Added edge between story 875 and place mentioned 2612
Added edge between story 875 and place mentioned 2653
Added edge between story 875 and place mentioned 3004
Added edge between story 878 and place mentioned 3140
Added edge between story 878 and place mentioned 3212
Added edge between story 879 and place mentioned 2690
Added edge between story 879 and place mentioned 3432
Added edge between story 880 and place mentioned 2691
Added edge between story 880 and place mentioned 2966
Added edge between story 881 and place mentioned 2777
Added edge between story 881 and place mentioned 2841
Added edge between story 881 and place mentioned 2975
Added edge between story 882 and place mentioned 2630
Added edge between story 883 and place mentioned 2491
Added edge between story 884 and place mentioned 2968
Added edge between story 884 and place mentioned 2596
Added edge between story 887 and place mentioned 2825
Added edge between story 887 and place mentioned 2583
Added edge between story 888 and place mentioned 2811
Added edge between story 889 and place mentioned 3147
Added edge between story 889 and place mentioned 3434
Added edge between story 890 and place mentioned 3436
Added edge between story 890 and place mentioned 3435
Added edge between story 891 and place mentioned 2633
Added edge between story 892 and place mentioned 2866
Added edge between story 892 and place mentioned 2959
Added edge between story 894 and place mentioned 3126
Added edge between story 895 and place mentioned 3408
Added edge between story 895 and place mentioned 3407
Added edge between story 896 and place mentioned 2746
Added edge between story 897 and place mentioned 3409
Added edge between story 900 and place mentioned 2836
Added edge between story 902 and place mentioned 3413
Added edge between story 903 and place mentioned 3238
Added edge between story 904 and place mentioned 2825
Added edge between story 905 and place mentioned 2911
Added edge between story 907 and place mentioned 3400
Added edge between story 907 and place mentioned 2825
Added edge between story 907 and place mentioned 3416
Added edge between story 909 and place mentioned 2722
Added edge between story 909 and place mentioned 3416
Added edge between story 909 and place mentioned 2825
Max place mentioned node is 3436
